<?xml version="1.0" encoding="UTF-8"?>
<!-- Generated by org.testng.reporters.JUnitReportReporter -->
<testsuite hostname="ICSM272363NB" failures="0" tests="3" name="com.runnertests.RunnerTest" time="3.577" errors="0" timestamp="2022-10-10T18:11:16 IST" skipped="0">
  <testcase classname="com.runnertests.RunnerTest" name="runScenario" time="0.597"/>
  <system-out/>
  <testcase classname="com.runnertests.RunnerTest" name="runScenario" time="2.421"/>
  <system-out/>
  <testcase classname="com.runnertests.RunnerTest" name="runScenario" time="0.559"/>
  <system-out/>
</testsuite> <!-- com.runnertests.RunnerTest -->
