<?xml version="1.0" encoding="UTF-8"?>
<!-- Generated by org.testng.reporters.JUnitReportReporter -->
<testsuite skipped="0" hostname="ICSM272363NB" name="com.runnertests.RunnerTest" tests="3" failures="0" timestamp="2022-10-10T18:24:06 IST" time="4.172" errors="0">
  <testcase name="runScenario" time="2.892" classname="com.runnertests.RunnerTest"/>
  <system-out/>
  <testcase name="runScenario" time="0.697" classname="com.runnertests.RunnerTest"/>
  <system-out/>
  <testcase name="runScenario" time="0.583" classname="com.runnertests.RunnerTest"/>
  <system-out/>
</testsuite> <!-- com.runnertests.RunnerTest -->
